<?xml version="1.0" encoding="UTF-8"?>
<!-- Generated by org.testng.reporters.JUnitXMLReporter -->
<testsuite ignored="0" hostname="BGR644L7R1" failures="2" tests="2" name="Danube Test Cases" time="6.886" errors="0" timestamp="09 May 2019 13:18:00 GMT">
  <testcase classname="com.danube.qa.testcases.LoginPageTest" name="loginPageTitleTest" time="0.039">
    <failure type="java.lang.AssertionError" message="expected [Cheap hotels, flights and holidays from Travel Republic] but found [Service Unavailable]">
      <![CDATA[java.lang.AssertionError: expected [Cheap hotels, flights and holidays from Travel Republic] but found [Service Unavailable]
at com.danube.qa.testcases.LoginPageTest.loginPageTitleTest(LoginPageTest.java:39)
... Removed 31 stack frames]]>
    </failure>
  </testcase> <!-- loginPageTitleTest -->
  <testcase classname="com.danube.qa.testcases.LoginPageTest" name="loginPageLoginTest" time="0.801">
    <failure type="org.testng.internal.reflect.MethodMatcherException" message="
Data provider mismatch
Method: loginPageLoginTest([Parameter{index=0, type=java.lang.String, declaredAnnotations=[]}, Parameter{index=1, type=java.lang.String, declaredAnnotations=[]}])
Arguments: [(org.apache.poi.xssf.usermodel.XSSFCell) lmenon,(org.apache.poi.xssf.usermodel.XSSFCell) Lavanya01]">
      <![CDATA[org.testng.internal.reflect.MethodMatcherException: 
Data provider mismatch
Method: loginPageLoginTest([Parameter{index=0, type=java.lang.String, declaredAnnotations=[]}, Parameter{index=1, type=java.lang.String, declaredAnnotations=[]}])
Arguments: [(org.apache.poi.xssf.usermodel.XSSFCell) lmenon,(org.apache.poi.xssf.usermodel.XSSFCell) Lavanya01]
... Removed 20 stack frames]]>
    </failure>
  </testcase> <!-- loginPageLoginTest -->
</testsuite> <!-- Danube Test Cases -->
